Arguments: 
  /usr/local/bin/node /usr/local/bin/yarn add ts-node-dev -D

PATH: 
  /usr/local/bin:/usr/bin:/bin:/usr/sbin:/sbin:/Library/Apple/usr/bin:/Library/Apple/bin

Yarn version: 
  1.16.0

Node version: 
  10.15.0

Platform: 
  darwin x64

Trace: 
  Error: getaddrinfo ENOTFOUND registry.npm.souche-inc.com registry.npm.souche-inc.com:80
      at GetAddrInfoReqWrap.onlookup [as oncomplete] (dns.js:57:26)

npm manifest: 
  {
    "name": "message-queque",
    "version": "1.0.0",
    "description": "message queque",
    "main": "index.js",
    "scripts": {
      "test": "echo \"Error: no test specified\" && exit 1",
      "start": "ts-node ./src/index.ts",
      "start:product": "ts-node-dev ./src/core/product.ts",
      "start:consumer": "ts-node-dev ./src/core/consumer.ts",
      "build": "tsc"
    },
    "repository": {
      "type": "git",
      "url": "git+https://github.com/berlinen/nodeJs.git/example/messageQueque"
    },
    "keywords": [
      "node"
    ],
    "author": "berlin",
    "license": "ISC",
    "bugs": {
      "url": "https://github.com/berlinen/nodeJs/issues"
    },
    "homepage": "https://github.com/berlinen/nodeJs#readme",
    "dependencies": {
      "@types/node": "^12.12.14"
    },
    "devDependencies": {
      "nodemon": "^2.0.1",
      "ts-node": "^8.5.2",
      "amqplib": "^0.5.5",
      "typescript": "^3.6.2"
    }
  }

yarn manifest: 
  No manifest

Lockfile: 
  # THIS IS AN AUTOGENERATED FILE. DO NOT EDIT THIS FILE DIRECTLY.
  # yarn lockfile v1
  
  
  "@types/node@^12.12.14":
    version "12.12.14"
    resolved "http://registry.npm.souche-inc.com/@types/node/download/@types/node-12.12.14.tgz#1c1d6e3c75dba466e0326948d56e8bd72a1903d2"
    integrity sha1-HB1uPHXbpGbgMmlI1W6L1yoZA9I=
  
  abbrev@1:
    version "1.1.1"
    resolved "http://registry.npm.souche-inc.com/abbrev/download/abbrev-1.1.1.tgz#f8f2c887ad10bf67f634f005b6987fed3179aac8"
    integrity sha1-+PLIh60Qv2f2NPAFtph/7TF5qsg=
  
  amqplib@^0.5.5:
    version "0.5.5"
    resolved "http://registry.npm.souche-inc.com/amqplib/download/amqplib-0.5.5.tgz#698f0cb577e0591954a90572fcb3b8998a76fd40"
    integrity sha1-aY8MtXfgWRlUqQVy/LO4mYp2/UA=
    dependencies:
      bitsyntax "~0.1.0"
      bluebird "^3.5.2"
      buffer-more-ints "~1.0.0"
      readable-stream "1.x >=1.1.9"
      safe-buffer "~5.1.2"
      url-parse "~1.4.3"
  
  ansi-align@^2.0.0:
    version "2.0.0"
    resolved "http://registry.npm.souche-inc.com/ansi-align/download/ansi-align-2.0.0.tgz#c36aeccba563b89ceb556f3690f0b1d9e3547f7f"
    integrity sha1-w2rsy6VjuJzrVW82kPCx2eNUf38=
    dependencies:
      string-width "^2.0.0"
  
  ansi-regex@^3.0.0:
    version "3.0.0"
    resolved "http://registry.npm.souche-inc.com/ansi-regex/download/ansi-regex-3.0.0.tgz#ed0317c322064f79466c02966bddb605ab37d998"
    integrity sha1-7QMXwyIGT3lGbAKWa922Bas32Zg=
  
  ansi-styles@^3.2.1:
    version "3.2.1"
    resolved "http://registry.npm.souche-inc.com/ansi-styles/download/ansi-styles-3.2.1.tgz#41fbb20243e50b12be0f04b8dedbf07520ce841d"
    integrity sha1-QfuyAkPlCxK+DwS43tvwdSDOhB0=
    dependencies:
      color-convert "^1.9.0"
  
  anymatch@~3.1.1:
    version "3.1.1"
    resolved "http://registry.npm.souche-inc.com/anymatch/download/anymatch-3.1.1.tgz#c55ecf02185e2469259399310c173ce31233b142"
    integrity sha1-xV7PAhheJGklk5kxDBc84xIzsUI=
    dependencies:
      normalize-path "^3.0.0"
      picomatch "^2.0.4"
  
  arg@^4.1.0:
    version "4.1.2"
    resolved "http://registry.npm.souche-inc.com/arg/download/arg-4.1.2.tgz#e70c90579e02c63d80e3ad4e31d8bfdb8bd50064"
    integrity sha1-5wyQV54Cxj2A461OMdi/24vVAGQ=
  
  balanced-match@^1.0.0:
    version "1.0.0"
    resolved "http://registry.npm.souche-inc.com/balanced-match/download/balanced-match-1.0.0.tgz#89b4d199ab2bee49de164ea02b89ce462d71b767"
    integrity sha1-ibTRmasr7kneFk6gK4nORi1xt2c=
  
  binary-extensions@^2.0.0:
    version "2.0.0"
    resolved "http://registry.npm.souche-inc.com/binary-extensions/download/binary-extensions-2.0.0.tgz#23c0df14f6a88077f5f986c0d167ec03c3d5537c"
    integrity sha1-I8DfFPaogHf1+YbA0WfsA8PVU3w=
  
  bitsyntax@~0.1.0:
    version "0.1.0"
    resolved "http://registry.npm.souche-inc.com/bitsyntax/download/bitsyntax-0.1.0.tgz#b0c59acef03505de5a2ed62a2f763c56ae1d6205"
    integrity sha1-sMWazvA1Bd5aLtYqL3Y8Vq4dYgU=
    dependencies:
      buffer-more-ints "~1.0.0"
      debug "~2.6.9"
      safe-buffer "~5.1.2"
  
  bluebird@^3.5.2:
    version "3.7.1"
    resolved "http://registry.npm.souche-inc.com/bluebird/download/bluebird-3.7.1.tgz#df70e302b471d7473489acf26a93d63b53f874de"
    integrity sha1-33DjArRx10c0iazyapPWO1P4dN4=
  
  boxen@^1.2.1:
    version "1.3.0"
    resolved "http://registry.npm.souche-inc.com/boxen/download/boxen-1.3.0.tgz#55c6c39a8ba58d9c61ad22cd877532deb665a20b"
    integrity sha1-VcbDmouljZxhrSLNh3Uy3rZlogs=
    dependencies:
      ansi-align "^2.0.0"
      camelcase "^4.0.0"
      chalk "^2.0.1"
      cli-boxes "^1.0.0"
      string-width "^2.0.0"
      term-size "^1.2.0"
      widest-line "^2.0.0"
  
  brace-expansion@^1.1.7:
    version "1.1.11"
    resolved "http://registry.npm.souche-inc.com/brace-expansion/download/brace-expansion-1.1.11.tgz#3c7fcbf529d87226f3d2f52b966ff5271eb441dd"
    integrity sha1-PH/L9SnYcibz0vUrlm/1Jx60Qd0=
    dependencies:
      balanced-match "^1.0.0"
      concat-map "0.0.1"
  
  braces@~3.0.2:
    version "3.0.2"
    resolved "http://registry.npm.souche-inc.com/braces/download/braces-3.0.2.tgz#3454e1a462ee8d599e236df336cd9ea4f8afe107"
    integrity sha1-NFThpGLujVmeI23zNs2epPiv4Qc=
    dependencies:
      fill-range "^7.0.1"
  
  buffer-from@^1.0.0:
    version "1.1.1"
    resolved "http://registry.npm.souche-inc.com/buffer-from/download/buffer-from-1.1.1.tgz#32713bc028f75c02fdb710d7c7bcec1f2c6070ef"
    integrity sha1-MnE7wCj3XAL9txDXx7zsHyxgcO8=
  
  buffer-more-ints@~1.0.0:
    version "1.0.0"
    resolved "http://registry.npm.souche-inc.com/buffer-more-ints/download/buffer-more-ints-1.0.0.tgz#ef4f8e2dddbad429ed3828a9c55d44f05c611422"
    integrity sha1-70+OLd261CntOCipxV1E8FxhFCI=
  
  camelcase@^4.0.0:
    version "4.1.0"
    resolved "http://registry.npm.souche-inc.com/camelcase/download/camelcase-4.1.0.tgz#d545635be1e33c542649c69173e5de6acfae34dd"
    integrity sha1-1UVjW+HjPFQmScaRc+Xeas+uNN0=
  
  capture-stack-trace@^1.0.0:
    version "1.0.1"
    resolved "http://registry.npm.souche-inc.com/capture-stack-trace/download/capture-stack-trace-1.0.1.tgz#a6c0bbe1f38f3aa0b92238ecb6ff42c344d4135d"
    integrity sha1-psC74fOPOqC5Ijjstv9Cw0TUE10=
  
  chalk@^2.0.1:
    version "2.4.2"
    resolved "http://registry.npm.souche-inc.com/chalk/download/chalk-2.4.2.tgz#cd42541677a54333cf541a49108c1432b44c9424"
    integrity sha1-zUJUFnelQzPPVBpJEIwUMrRMlCQ=
    dependencies:
      ansi-styles "^3.2.1"
      escape-string-regexp "^1.0.5"
      supports-color "^5.3.0"
  
  chokidar@^3.2.2:
    version "3.3.0"
    resolved "http://registry.npm.souche-inc.com/chokidar/download/chokidar-3.3.0.tgz#12c0714668c55800f659e262d4962a97faf554a6"
    integrity sha1-EsBxRmjFWAD2WeJi1JYql/r1VKY=
    dependencies:
      anymatch "~3.1.1"
      braces "~3.0.2"
      glob-parent "~5.1.0"
      is-binary-path "~2.1.0"
      is-glob "~4.0.1"
      normalize-path "~3.0.0"
      readdirp "~3.2.0"
    optionalDependencies:
      fsevents "~2.1.1"
  
  ci-info@^1.5.0:
    version "1.6.0"
    resolved "http://registry.npm.souche-inc.com/ci-info/download/ci-info-1.6.0.tgz#2ca20dbb9ceb32d4524a683303313f0304b1e497"
    integrity sha1-LKINu5zrMtRSSmgzAzE/AwSx5Jc=
  
  cli-boxes@^1.0.0:
    version "1.0.0"
    resolved "http://registry.npm.souche-inc.com/cli-boxes/download/cli-boxes-1.0.0.tgz#4fa917c3e59c94a004cd61f8ee509da651687143"
    integrity sha1-T6kXw+WclKAEzWH47lCdplFocUM=
  
  color-convert@^1.9.0:
    version "1.9.3"
    resolved "http://registry.npm.souche-inc.com/color-convert/download/color-convert-1.9.3.tgz#bb71850690e1f136567de629d2d5471deda4c1e8"
    integrity sha1-u3GFBpDh8TZWfeYp0tVHHe2kweg=
    dependencies:
      color-name "1.1.3"
  
  color-name@1.1.3:
    version "1.1.3"
    resolved "http://registry.npm.souche-inc.com/color-name/download/color-name-1.1.3.tgz#a7d0558bd89c42f795dd42328f740831ca53bc25"
    integrity sha1-p9BVi9icQveV3UIyj3QIMcpTvCU=
  
  concat-map@0.0.1:
    version "0.0.1"
    resolved "http://registry.npm.souche-inc.com/concat-map/download/concat-map-0.0.1.tgz#d8a96bd77fd68df7793a73036a3ba0d5405d477b"
    integrity sha1-2Klr13/Wjfd5OnMDajug1UBdR3s=
  
  configstore@^3.0.0:
    version "3.1.2"
    resolved "http://registry.npm.souche-inc.com/configstore/download/configstore-3.1.2.tgz#c6f25defaeef26df12dd33414b001fe81a543f8f"
    integrity sha1-xvJd767vJt8S3TNBSwAf6BpUP48=
    dependencies:
      dot-prop "^4.1.0"
      graceful-fs "^4.1.2"
      make-dir "^1.0.0"
      unique-string "^1.0.0"
      write-file-atomic "^2.0.0"
      xdg-basedir "^3.0.0"
  
  core-util-is@~1.0.0:
    version "1.0.2"
    resolved "http://registry.npm.souche-inc.com/core-util-is/download/core-util-is-1.0.2.tgz#b5fd54220aa2bc5ab57aab7140c940754503c1a7"
    integrity sha1-tf1UIgqivFq1eqtxQMlAdUUDwac=
  
  create-error-class@^3.0.0:
    version "3.0.2"
    resolved "http://registry.npm.souche-inc.com/create-error-class/download/create-error-class-3.0.2.tgz#06be7abef947a3f14a30fd610671d401bca8b7b6"
    integrity sha1-Br56vvlHo/FKMP1hBnHUAbyot7Y=
    dependencies:
      capture-stack-trace "^1.0.0"
  
  cross-spawn@^5.0.1:
    version "5.1.0"
    resolved "http://registry.npm.souche-inc.com/cross-spawn/download/cross-spawn-5.1.0.tgz#e8bd0efee58fcff6f8f94510a0a554bbfa235449"
    integrity sha1-6L0O/uWPz/b4+UUQoKVUu/ojVEk=
    dependencies:
      lru-cache "^4.0.1"
      shebang-command "^1.2.0"
      which "^1.2.9"
  
  crypto-random-string@^1.0.0:
    version "1.0.0"
    resolved "http://registry.npm.souche-inc.com/crypto-random-string/download/crypto-random-string-1.0.0.tgz#a230f64f568310e1498009940790ec99545bca7e"
    integrity sha1-ojD2T1aDEOFJgAmUB5DsmVRbyn4=
  
  debug@^2.2.0, debug@~2.6.9:
    version "2.6.9"
    resolved "http://registry.npm.souche-inc.com/debug/download/debug-2.6.9.tgz#5d128515df134ff327e90a4c93f4e077a536341f"
    integrity sha1-XRKFFd8TT/Mn6QpMk/Tgd6U2NB8=
    dependencies:
      ms "2.0.0"
  
  debug@^3.2.6:
    version "3.2.6"
    resolved "http://registry.npm.souche-inc.com/debug/download/debug-3.2.6.tgz#e83d17de16d8a7efb7717edbe5fb10135eee629b"
    integrity sha1-6D0X3hbYp++3cX7b5fsQE17uYps=
    dependencies:
      ms "^2.1.1"
  
  deep-extend@^0.6.0:
    version "0.6.0"
    resolved "http://registry.npm.souche-inc.com/deep-extend/download/deep-extend-0.6.0.tgz#c4fa7c95404a17a9c3e8ca7e1537312b736330ac"
    integrity sha1-xPp8lUBKF6nD6Mp+FTcxK3NjMKw=
  
  diff@^4.0.1:
    version "4.0.1"
    resolved "http://registry.npm.souche-inc.com/diff/download/diff-4.0.1.tgz#0c667cb467ebbb5cea7f14f135cc2dba7780a8ff"
    integrity sha1-DGZ8tGfru1zqfxTxNcwtuneAqP8=
  
  dot-prop@^4.1.0:
    version "4.2.0"
    resolved "http://registry.npm.souche-inc.com/dot-prop/download/dot-prop-4.2.0.tgz#1f19e0c2e1aa0e32797c49799f2837ac6af69c57"
    integrity sha1-HxngwuGqDjJ5fEl5nyg3rGr2nFc=
    dependencies:
      is-obj "^1.0.0"
  
  duplexer3@^0.1.4:
    version "0.1.4"
    resolved "http://registry.npm.souche-inc.com/duplexer3/download/duplexer3-0.1.4.tgz#ee01dd1cac0ed3cbc7fdbea37dc0a8f1ce002ce2"
    integrity sha1-7gHdHKwO08vH/b6jfcCo8c4ALOI=
  
  escape-string-regexp@^1.0.5:
    version "1.0.5"
    resolved "http://registry.npm.souche-inc.com/escape-string-regexp/download/escape-string-regexp-1.0.5.tgz#1b61c0562190a8dff6ae3bb2cf0200ca130b86d4"
    integrity sha1-G2HAViGQqN/2rjuyzwIAyhMLhtQ=
  
  execa@^0.7.0:
    version "0.7.0"
    resolved "http://registry.npm.souche-inc.com/execa/download/execa-0.7.0.tgz#944becd34cc41ee32a63a9faf27ad5a65fc59777"
    integrity sha1-lEvs00zEHuMqY6n68nrVpl/Fl3c=
    dependencies:
      cross-spawn "^5.0.1"
      get-stream "^3.0.0"
      is-stream "^1.1.0"
      npm-run-path "^2.0.0"
      p-finally "^1.0.0"
      signal-exit "^3.0.0"
      strip-eof "^1.0.0"
  
  fill-range@^7.0.1:
    version "7.0.1"
    resolved "http://registry.npm.souche-inc.com/fill-range/download/fill-range-7.0.1.tgz#1919a6a7c75fe38b2c7c77e5198535da9acdda40"
    integrity sha1-GRmmp8df44ssfHflGYU12prN2kA=
    dependencies:
      to-regex-range "^5.0.1"
  
  fsevents@~2.1.1:
    version "2.1.2"
    resolved "http://registry.npm.souche-inc.com/fsevents/download/fsevents-2.1.2.tgz#4c0a1fb34bc68e543b4b82a9ec392bfbda840805"
    integrity sha1-TAofs0vGjlQ7S4Kp7Dkr+9qECAU=
  
  get-stream@^3.0.0:
    version "3.0.0"
    resolved "http://registry.npm.souche-inc.com/get-stream/download/get-stream-3.0.0.tgz#8e943d1358dc37555054ecbe2edb05aa174ede14"
    integrity sha1-jpQ9E1jcN1VQVOy+LtsFqhdO3hQ=
  
  glob-parent@~5.1.0:
    version "5.1.0"
    resolved "http://registry.npm.souche-inc.com/glob-parent/download/glob-parent-5.1.0.tgz#5f4c1d1e748d30cd73ad2944b3577a81b081e8c2"
    integrity sha1-X0wdHnSNMM1zrSlEs1d6gbCB6MI=
    dependencies:
      is-glob "^4.0.1"
  
  global-dirs@^0.1.0:
    version "0.1.1"
    resolved "http://registry.npm.souche-inc.com/global-dirs/download/global-dirs-0.1.1.tgz#b319c0dd4607f353f3be9cca4c72fc148c49f445"
    integrity sha1-sxnA3UYH81PzvpzKTHL8FIxJ9EU=
    dependencies:
      ini "^1.3.4"
  
  got@^6.7.1:
    version "6.7.1"
    resolved "http://registry.npm.souche-inc.com/got/download/got-6.7.1.tgz#240cd05785a9a18e561dc1b44b41c763ef1e8db0"
    integrity sha1-JAzQV4WpoY5WHcG0S0HHY+8ejbA=
    dependencies:
      create-error-class "^3.0.0"
      duplexer3 "^0.1.4"
      get-stream "^3.0.0"
      is-redirect "^1.0.0"
      is-retry-allowed "^1.0.0"
      is-stream "^1.0.0"
      lowercase-keys "^1.0.0"
      safe-buffer "^5.0.1"
      timed-out "^4.0.0"
      unzip-response "^2.0.1"
      url-parse-lax "^1.0.0"
  
  graceful-fs@^4.1.11, graceful-fs@^4.1.2:
    version "4.2.3"
    resolved "http://registry.npm.souche-inc.com/graceful-fs/download/graceful-fs-4.2.3.tgz#4a12ff1b60376ef09862c2093edd908328be8423"
    integrity sha1-ShL/G2A3bvCYYsIJPt2Qgyi+hCM=
  
  has-flag@^3.0.0:
    version "3.0.0"
    resolved "http://registry.npm.souche-inc.com/has-flag/download/has-flag-3.0.0.tgz#b5d454dc2199ae225699f3467e5a07f3b955bafd"
    integrity sha1-tdRU3CGZriJWmfNGfloH87lVuv0=
  
  ignore-by-default@^1.0.1:
    version "1.0.1"
    resolved "http://registry.npm.souche-inc.com/ignore-by-default/download/ignore-by-default-1.0.1.tgz#48ca6d72f6c6a3af00a9ad4ae6876be3889e2b09"
    integrity sha1-SMptcvbGo68Aqa1K5odr44ieKwk=
  
  import-lazy@^2.1.0:
    version "2.1.0"
    resolved "http://registry.npm.souche-inc.com/import-lazy/download/import-lazy-2.1.0.tgz#05698e3d45c88e8d7e9d92cb0584e77f096f3e43"
    integrity sha1-BWmOPUXIjo1+nZLLBYTnfwlvPkM=
  
  imurmurhash@^0.1.4:
    version "0.1.4"
    resolved "http://registry.npm.souche-inc.com/imurmurhash/download/imurmurhash-0.1.4.tgz#9218b9b2b928a238b13dc4fb6b6d576f231453ea"
    integrity sha1-khi5srkoojixPcT7a21XbyMUU+o=
  
  inherits@~2.0.1:
    version "2.0.4"
    resolved "http://registry.npm.souche-inc.com/inherits/download/inherits-2.0.4.tgz#0fa2c64f932917c3433a0ded55363aae37416b7c"
    integrity sha1-D6LGT5MpF8NDOg3tVTY6rjdBa3w=
  
  ini@^1.3.4, ini@~1.3.0:
    version "1.3.5"
    resolved "http://registry.npm.souche-inc.com/ini/download/ini-1.3.5.tgz#eee25f56db1c9ec6085e0c22778083f596abf927"
    integrity sha1-7uJfVtscnsYIXgwid4CD9Zar+Sc=
  
  is-binary-path@~2.1.0:
    version "2.1.0"
    resolved "http://registry.npm.souche-inc.com/is-binary-path/download/is-binary-path-2.1.0.tgz#ea1f7f3b80f064236e83470f86c09c254fb45b09"
    integrity sha1-6h9/O4DwZCNug0cPhsCcJU+0Wwk=
    dependencies:
      binary-extensions "^2.0.0"
  
  is-ci@^1.0.10:
    version "1.2.1"
    resolved "http://registry.npm.souche-inc.com/is-ci/download/is-ci-1.2.1.tgz#e3779c8ee17fccf428488f6e281187f2e632841c"
    integrity sha1-43ecjuF/zPQoSI9uKBGH8uYyhBw=
    dependencies:
      ci-info "^1.5.0"
  
  is-extglob@^2.1.1:
    version "2.1.1"
    resolved "http://registry.npm.souche-inc.com/is-extglob/download/is-extglob-2.1.1.tgz#a88c02535791f02ed37c76a1b9ea9773c833f8c2"
    integrity sha1-qIwCU1eR8C7TfHahueqXc8gz+MI=
  
  is-fullwidth-code-point@^2.0.0:
    version "2.0.0"
    resolved "http://registry.npm.souche-inc.com/is-fullwidth-code-point/download/is-fullwidth-code-point-2.0.0.tgz#a3b30a5c4f199183167aaab93beefae3ddfb654f"
    integrity sha1-o7MKXE8ZkYMWeqq5O+764937ZU8=
  
  is-glob@^4.0.1, is-glob@~4.0.1:
    version "4.0.1"
    resolved "http://registry.npm.souche-inc.com/is-glob/download/is-glob-4.0.1.tgz#7567dbe9f2f5e2467bc77ab83c4a29482407a5dc"
    integrity sha1-dWfb6fL14kZ7x3q4PEopSCQHpdw=
    dependencies:
      is-extglob "^2.1.1"
  
  is-installed-globally@^0.1.0:
    version "0.1.0"
    resolved "http://registry.npm.souche-inc.com/is-installed-globally/download/is-installed-globally-0.1.0.tgz#0dfd98f5a9111716dd535dda6492f67bf3d25a80"
    integrity sha1-Df2Y9akRFxbdU13aZJL2e/PSWoA=
    dependencies:
      global-dirs "^0.1.0"
      is-path-inside "^1.0.0"
  
  is-npm@^1.0.0:
    version "1.0.0"
    resolved "http://registry.npm.souche-inc.com/is-npm/download/is-npm-1.0.0.tgz#f2fb63a65e4905b406c86072765a1a4dc793b9f4"
    integrity sha1-8vtjpl5JBbQGyGBydloaTceTufQ=
  
  is-number@^7.0.0:
    version "7.0.0"
    resolved "http://registry.npm.souche-inc.com/is-number/download/is-number-7.0.0.tgz#7535345b896734d5f80c4d06c50955527a14f12b"
    integrity sha1-dTU0W4lnNNX4DE0GxQlVUnoU8Ss=
  
  is-obj@^1.0.0:
    version "1.0.1"
    resolved "http://registry.npm.souche-inc.com/is-obj/download/is-obj-1.0.1.tgz#3e4729ac1f5fde025cd7d83a896dab9f4f67db0f"
    integrity sha1-PkcprB9f3gJc19g6iW2rn09n2w8=
  
  is-path-inside@^1.0.0:
    version "1.0.1"
    resolved "http://registry.npm.souche-inc.com/is-path-inside/download/is-path-inside-1.0.1.tgz#8ef5b7de50437a3fdca6b4e865ef7aa55cb48036"
    integrity sha1-jvW33lBDej/cprToZe96pVy0gDY=
    dependencies:
      path-is-inside "^1.0.1"
  
  is-redirect@^1.0.0:
    version "1.0.0"
    resolved "http://registry.npm.souche-inc.com/is-redirect/download/is-redirect-1.0.0.tgz#1d03dded53bd8db0f30c26e4f95d36fc7c87dc24"
    integrity sha1-HQPd7VO9jbDzDCbk+V02/HyH3CQ=
  
  is-retry-allowed@^1.0.0:
    version "1.2.0"
    resolved "http://registry.npm.souche-inc.com/is-retry-allowed/download/is-retry-allowed-1.2.0.tgz#d778488bd0a4666a3be8a1482b9f2baafedea8b4"
    integrity sha1-13hIi9CkZmo76KFIK58rqv7eqLQ=
  
  is-stream@^1.0.0, is-stream@^1.1.0:
    version "1.1.0"
    resolved "http://registry.npm.souche-inc.com/is-stream/download/is-stream-1.1.0.tgz#12d4a3dd4e68e0b79ceb8dbc84173ae80d91ca44"
    integrity sha1-EtSj3U5o4Lec6428hBc66A2RykQ=
  
  isarray@0.0.1:
    version "0.0.1"
    resolved "http://registry.npm.souche-inc.com/isarray/download/isarray-0.0.1.tgz#8a18acfca9a8f4177e09abfc6038939b05d1eedf"
    integrity sha1-ihis/Kmo9Bd+Cav8YDiTmwXR7t8=
  
  isexe@^2.0.0:
    version "2.0.0"
    resolved "http://registry.npm.souche-inc.com/isexe/download/isexe-2.0.0.tgz#e8fbf374dc556ff8947a10dcb0572d633f2cfa10"
    integrity sha1-6PvzdNxVb/iUehDcsFctYz8s+hA=
  
  latest-version@^3.0.0:
    version "3.1.0"
    resolved "http://registry.npm.souche-inc.com/latest-version/download/latest-version-3.1.0.tgz#a205383fea322b33b5ae3b18abee0dc2f356ee15"
    integrity sha1-ogU4P+oyKzO1rjsYq+4NwvNW7hU=
    dependencies:
      package-json "^4.0.0"
  
  lowercase-keys@^1.0.0:
    version "1.0.1"
    resolved "http://registry.npm.souche-inc.com/lowercase-keys/download/lowercase-keys-1.0.1.tgz#6f9e30b47084d971a7c820ff15a6c5167b74c26f"
    integrity sha1-b54wtHCE2XGnyCD/FabFFnt0wm8=
  
  lru-cache@^4.0.1:
    version "4.1.5"
    resolved "http://registry.npm.souche-inc.com/lru-cache/download/lru-cache-4.1.5.tgz#8bbe50ea85bed59bc9e33dcab8235ee9bcf443cd"
    integrity sha1-i75Q6oW+1ZvJ4z3KuCNe6bz0Q80=
    dependencies:
      pseudomap "^1.0.2"
      yallist "^2.1.2"
  
  make-dir@^1.0.0:
    version "1.3.0"
    resolved "http://registry.npm.souche-inc.com/make-dir/download/make-dir-1.3.0.tgz#79c1033b80515bd6d24ec9933e860ca75ee27f0c"
    integrity sha1-ecEDO4BRW9bSTsmTPoYMp17ifww=
    dependencies:
      pify "^3.0.0"
  
  make-error@^1.1.1:
    version "1.3.5"
    resolved "http://registry.npm.souche-inc.com/make-error/download/make-error-1.3.5.tgz#efe4e81f6db28cadd605c70f29c831b58ef776c8"
    integrity sha1-7+ToH22yjK3WBccPKcgxtY73dsg=
  
  minimatch@^3.0.4:
    version "3.0.4"
    resolved "http://registry.npm.souche-inc.com/minimatch/download/minimatch-3.0.4.tgz#5166e286457f03306064be5497e8dbb0c3d32083"
    integrity sha1-UWbihkV/AzBgZL5Ul+jbsMPTIIM=
    dependencies:
      brace-expansion "^1.1.7"
  
  minimist@^1.2.0:
    version "1.2.0"
    resolved "http://registry.npm.souche-inc.com/minimist/download/minimist-1.2.0.tgz#a35008b20f41383eec1fb914f4cd5df79a264284"
    integrity sha1-o1AIsg9BOD7sH7kU9M1d95omQoQ=
  
  ms@2.0.0:
    version "2.0.0"
    resolved "http://registry.npm.souche-inc.com/ms/download/ms-2.0.0.tgz#5608aeadfc00be6c2901df5f9861788de0d597c8"
    integrity sha1-VgiurfwAvmwpAd9fmGF4jeDVl8g=
  
  ms@^2.1.1:
    version "2.1.2"
    resolved "http://registry.npm.souche-inc.com/ms/download/ms-2.1.2.tgz#d09d1f357b443f493382a8eb3ccd183872ae6009"
    integrity sha1-0J0fNXtEP0kzgqjrPM0YOHKuYAk=
  
  nodemon@^2.0.1:
    version "2.0.1"
    resolved "http://registry.npm.souche-inc.com/nodemon/download/nodemon-2.0.1.tgz#cec436f8153ad5d3e6c27c304849a06cabea71cc"
    integrity sha1-zsQ2+BU61dPmwnwwSEmgbKvqccw=
    dependencies:
      chokidar "^3.2.2"
      debug "^3.2.6"
      ignore-by-default "^1.0.1"
      minimatch "^3.0.4"
      pstree.remy "^1.1.7"
      semver "^5.7.1"
      supports-color "^5.5.0"
      touch "^3.1.0"
      undefsafe "^2.0.2"
      update-notifier "^2.5.0"
  
  nopt@~1.0.10:
    version "1.0.10"
    resolved "http://registry.npm.souche-inc.com/nopt/download/nopt-1.0.10.tgz#6ddd21bd2a31417b92727dd585f8a6f37608ebee"
    integrity sha1-bd0hvSoxQXuScn3Vhfim83YI6+4=
    dependencies:
      abbrev "1"
  
  normalize-path@^3.0.0, normalize-path@~3.0.0:
    version "3.0.0"
    resolved "http://registry.npm.souche-inc.com/normalize-path/download/normalize-path-3.0.0.tgz#0dcd69ff23a1c9b11fd0978316644a0388216a65"
    integrity sha1-Dc1p/yOhybEf0JeDFmRKA4ghamU=
  
  npm-run-path@^2.0.0:
    version "2.0.2"
    resolved "http://registry.npm.souche-inc.com/npm-run-path/download/npm-run-path-2.0.2.tgz#35a9232dfa35d7067b4cb2ddf2357b1871536c5f"
    integrity sha1-NakjLfo11wZ7TLLd8jV7GHFTbF8=
    dependencies:
      path-key "^2.0.0"
  
  p-finally@^1.0.0:
    version "1.0.0"
    resolved "http://registry.npm.souche-inc.com/p-finally/download/p-finally-1.0.0.tgz#3fbcfb15b899a44123b34b6dcc18b724336a2cae"
    integrity sha1-P7z7FbiZpEEjs0ttzBi3JDNqLK4=
  
  package-json@^4.0.0:
    version "4.0.1"
    resolved "http://registry.npm.souche-inc.com/package-json/download/package-json-4.0.1.tgz#8869a0401253661c4c4ca3da6c2121ed555f5eed"
    integrity sha1-iGmgQBJTZhxMTKPabCEh7VVfXu0=
    dependencies:
      got "^6.7.1"
      registry-auth-token "^3.0.1"
      registry-url "^3.0.3"
      semver "^5.1.0"
  
  path-is-inside@^1.0.1:
    version "1.0.2"
    resolved "http://registry.npm.souche-inc.com/path-is-inside/download/path-is-inside-1.0.2.tgz#365417dede44430d1c11af61027facf074bdfc53"
    integrity sha1-NlQX3t5EQw0cEa9hAn+s8HS9/FM=
  
  path-key@^2.0.0:
    version "2.0.1"
    resolved "http://registry.npm.souche-inc.com/path-key/download/path-key-2.0.1.tgz#411cadb574c5a140d3a4b1910d40d80cc9f40b40"
    integrity sha1-QRyttXTFoUDTpLGRDUDYDMn0C0A=
  
  picomatch@^2.0.4:
    version "2.1.1"
    resolved "http://registry.npm.souche-inc.com/picomatch/download/picomatch-2.1.1.tgz#ecdfbea7704adb5fe6fb47f9866c4c0e15e905c5"
    integrity sha1-7N++p3BK21/m+0f5hmxMDhXpBcU=
  
  pify@^3.0.0:
    version "3.0.0"
    resolved "http://registry.npm.souche-inc.com/pify/download/pify-3.0.0.tgz#e5a4acd2c101fdf3d9a4d07f0dbc4db49dd28176"
    integrity sha1-5aSs0sEB/fPZpNB/DbxNtJ3SgXY=
  
  prepend-http@^1.0.1:
    version "1.0.4"
    resolved "http://registry.npm.souche-inc.com/prepend-http/download/prepend-http-1.0.4.tgz#d4f4562b0ce3696e41ac52d0e002e57a635dc6dc"
    integrity sha1-1PRWKwzjaW5BrFLQ4ALlemNdxtw=
  
  pseudomap@^1.0.2:
    version "1.0.2"
    resolved "http://registry.npm.souche-inc.com/pseudomap/download/pseudomap-1.0.2.tgz#f052a28da70e618917ef0a8ac34c1ae5a68286b3"
    integrity sha1-8FKijacOYYkX7wqKw0wa5aaChrM=
  
  pstree.remy@^1.1.7:
    version "1.1.7"
    resolved "http://registry.npm.souche-inc.com/pstree.remy/download/pstree.remy-1.1.7.tgz#c76963a28047ed61542dc361aa26ee55a7fa15f3"
    integrity sha1-x2ljooBH7WFULcNhqibuVaf6FfM=
  
  querystringify@^2.1.1:
    version "2.1.1"
    resolved "http://registry.npm.souche-inc.com/querystringify/download/querystringify-2.1.1.tgz#60e5a5fd64a7f8bfa4d2ab2ed6fdf4c85bad154e"
    integrity sha1-YOWl/WSn+L+k0qsu1v30yFutFU4=
  
  rc@^1.0.1, rc@^1.1.6:
    version "1.2.8"
    resolved "http://registry.npm.souche-inc.com/rc/download/rc-1.2.8.tgz#cd924bf5200a075b83c188cd6b9e211b7fc0d3ed"
    integrity sha1-zZJL9SAKB1uDwYjNa54hG3/A0+0=
    dependencies:
      deep-extend "^0.6.0"
      ini "~1.3.0"
      minimist "^1.2.0"
      strip-json-comments "~2.0.1"
  
  "readable-stream@1.x >=1.1.9":
    version "1.1.14"
    resolved "http://registry.npm.souche-inc.com/readable-stream/download/readable-stream-1.1.14.tgz#7cf4c54ef648e3813084c636dd2079e166c081d9"
    integrity sha1-fPTFTvZI44EwhMY23SB54WbAgdk=
    dependencies:
      core-util-is "~1.0.0"
      inherits "~2.0.1"
      isarray "0.0.1"
      string_decoder "~0.10.x"
  
  readdirp@~3.2.0:
    version "3.2.0"
    resolved "http://registry.npm.souche-inc.com/readdirp/download/readdirp-3.2.0.tgz#c30c33352b12c96dfb4b895421a49fd5a9593839"
    integrity sha1-wwwzNSsSyW37S4lUIaSf1alZODk=
    dependencies:
      picomatch "^2.0.4"
  
  registry-auth-token@^3.0.1:
    version "3.4.0"
    resolved "http://registry.npm.souche-inc.com/registry-auth-token/download/registry-auth-token-3.4.0.tgz#d7446815433f5d5ed6431cd5dca21048f66b397e"
    integrity sha1-10RoFUM/XV7WQxzV3KIQSPZrOX4=
    dependencies:
      rc "^1.1.6"
      safe-buffer "^5.0.1"
  
  registry-url@^3.0.3:
    version "3.1.0"
    resolved "http://registry.npm.souche-inc.com/registry-url/download/registry-url-3.1.0.tgz#3d4ef870f73dde1d77f0cf9a381432444e174942"
    integrity sha1-PU74cPc93h138M+aOBQyRE4XSUI=
    dependencies:
      rc "^1.0.1"
  
  requires-port@^1.0.0:
    version "1.0.0"
    resolved "http://registry.npm.souche-inc.com/requires-port/download/requires-port-1.0.0.tgz#925d2601d39ac485e091cf0da5c6e694dc3dcaff"
    integrity sha1-kl0mAdOaxIXgkc8NpcbmlNw9yv8=
  
  safe-buffer@^5.0.1:
    version "5.2.0"
    resolved "http://registry.npm.souche-inc.com/safe-buffer/download/safe-buffer-5.2.0.tgz#b74daec49b1148f88c64b68d49b1e815c1f2f519"
    integrity sha1-t02uxJsRSPiMZLaNSbHoFcHy9Rk=
  
  safe-buffer@~5.1.2:
    version "5.1.2"
    resolved "http://registry.npm.souche-inc.com/safe-buffer/download/safe-buffer-5.1.2.tgz#991ec69d296e0313747d59bdfd2b745c35f8828d"
    integrity sha1-mR7GnSluAxN0fVm9/St0XDX4go0=
  
  semver-diff@^2.0.0:
    version "2.1.0"
    resolved "http://registry.npm.souche-inc.com/semver-diff/download/semver-diff-2.1.0.tgz#4bbb8437c8d37e4b0cf1a68fd726ec6d645d6d36"
    integrity sha1-S7uEN8jTfksM8aaP1ybsbWRdbTY=
    dependencies:
      semver "^5.0.3"
  
  semver@^5.0.3, semver@^5.1.0, semver@^5.7.1:
    version "5.7.1"
    resolved "http://registry.npm.souche-inc.com/semver/download/semver-5.7.1.tgz#a954f931aeba508d307bbf069eff0c01c96116f7"
    integrity sha1-qVT5Ma66UI0we78Gnv8MAclhFvc=
  
  shebang-command@^1.2.0:
    version "1.2.0"
    resolved "http://registry.npm.souche-inc.com/shebang-command/download/shebang-command-1.2.0.tgz#44aac65b695b03398968c39f363fee5deafdf1ea"
    integrity sha1-RKrGW2lbAzmJaMOfNj/uXer98eo=
    dependencies:
      shebang-regex "^1.0.0"
  
  shebang-regex@^1.0.0:
    version "1.0.0"
    resolved "http://registry.npm.souche-inc.com/shebang-regex/download/shebang-regex-1.0.0.tgz#da42f49740c0b42db2ca9728571cb190c98efea3"
    integrity sha1-2kL0l0DAtC2yypcoVxyxkMmO/qM=
  
  signal-exit@^3.0.0, signal-exit@^3.0.2:
    version "3.0.2"
    resolved "http://registry.npm.souche-inc.com/signal-exit/download/signal-exit-3.0.2.tgz#b5fdc08f1287ea1178628e415e25132b73646c6d"
    integrity sha1-tf3AjxKH6hF4Yo5BXiUTK3NkbG0=
  
  source-map-support@^0.5.6:
    version "0.5.16"
    resolved "http://registry.npm.souche-inc.com/source-map-support/download/source-map-support-0.5.16.tgz#0ae069e7fe3ba7538c64c98515e35339eac5a042"
    integrity sha1-CuBp5/47p1OMZMmFFeNTOerFoEI=
    dependencies:
      buffer-from "^1.0.0"
      source-map "^0.6.0"
  
  source-map@^0.6.0:
    version "0.6.1"
    resolved "http://registry.npm.souche-inc.com/source-map/download/source-map-0.6.1.tgz#74722af32e9614e9c287a8d0bbde48b5e2f1a263"
    integrity sha1-dHIq8y6WFOnCh6jQu95IteLxomM=
  
  string-width@^2.0.0, string-width@^2.1.1:
    version "2.1.1"
    resolved "http://registry.npm.souche-inc.com/string-width/download/string-width-2.1.1.tgz#ab93f27a8dc13d28cac815c462143a6d9012ae9e"
    integrity sha1-q5Pyeo3BPSjKyBXEYhQ6bZASrp4=
    dependencies:
      is-fullwidth-code-point "^2.0.0"
      strip-ansi "^4.0.0"
  
  string_decoder@~0.10.x:
    version "0.10.31"
    resolved "http://registry.npm.souche-inc.com/string_decoder/download/string_decoder-0.10.31.tgz#62e203bc41766c6c28c9fc84301dab1c5310fa94"
    integrity sha1-YuIDvEF2bGwoyfyEMB2rHFMQ+pQ=
  
  strip-ansi@^4.0.0:
    version "4.0.0"
    resolved "http://registry.npm.souche-inc.com/strip-ansi/download/strip-ansi-4.0.0.tgz#a8479022eb1ac368a871389b635262c505ee368f"
    integrity sha1-qEeQIusaw2iocTibY1JixQXuNo8=
    dependencies:
      ansi-regex "^3.0.0"
  
  strip-eof@^1.0.0:
    version "1.0.0"
    resolved "http://registry.npm.souche-inc.com/strip-eof/download/strip-eof-1.0.0.tgz#bb43ff5598a6eb05d89b59fcd129c983313606bf"
    integrity sha1-u0P/VZim6wXYm1n80SnJgzE2Br8=
  
  strip-json-comments@~2.0.1:
    version "2.0.1"
    resolved "http://registry.npm.souche-inc.com/strip-json-comments/download/strip-json-comments-2.0.1.tgz#3c531942e908c2697c0ec344858c286c7ca0a60a"
    integrity sha1-PFMZQukIwml8DsNEhYwobHygpgo=
  
  supports-color@^5.3.0, supports-color@^5.5.0:
    version "5.5.0"
    resolved "http://registry.npm.souche-inc.com/supports-color/download/supports-color-5.5.0.tgz#e2e69a44ac8772f78a1ec0b35b689df6530efc8f"
    integrity sha1-4uaaRKyHcveKHsCzW2id9lMO/I8=
    dependencies:
      has-flag "^3.0.0"
  
  term-size@^1.2.0:
    version "1.2.0"
    resolved "http://registry.npm.souche-inc.com/term-size/download/term-size-1.2.0.tgz#458b83887f288fc56d6fffbfad262e26638efa69"
    integrity sha1-RYuDiH8oj8Vtb/+/rSYuJmOO+mk=
    dependencies:
      execa "^0.7.0"
  
  timed-out@^4.0.0:
    version "4.0.1"
    resolved "http://registry.npm.souche-inc.com/timed-out/download/timed-out-4.0.1.tgz#f32eacac5a175bea25d7fab565ab3ed8741ef56f"
    integrity sha1-8y6srFoXW+ol1/q1Zas+2HQe9W8=
  
  to-regex-range@^5.0.1:
    version "5.0.1"
    resolved "http://registry.npm.souche-inc.com/to-regex-range/download/to-regex-range-5.0.1.tgz#1648c44aae7c8d988a326018ed72f5b4dd0392e4"
    integrity sha1-FkjESq58jZiKMmAY7XL1tN0DkuQ=
    dependencies:
      is-number "^7.0.0"
  
  touch@^3.1.0:
    version "3.1.0"
    resolved "http://registry.npm.souche-inc.com/touch/download/touch-3.1.0.tgz#fe365f5f75ec9ed4e56825e0bb76d24ab74af83b"
    integrity sha1-/jZfX3XsntTlaCXgu3bSSrdK+Ds=
    dependencies:
      nopt "~1.0.10"
  
  ts-node@^8.5.2:
    version "8.5.2"
    resolved "http://registry.npm.souche-inc.com/ts-node/download/ts-node-8.5.2.tgz#434f6c893bafe501a30b32ac94ee36809ba2adce"
    integrity sha1-Q09siTuv5QGjCzKslO42gJuirc4=
    dependencies:
      arg "^4.1.0"
      diff "^4.0.1"
      make-error "^1.1.1"
      source-map-support "^0.5.6"
      yn "^3.0.0"
  
  typescript@^3.6.2:
    version "3.7.2"
    resolved "http://registry.npm.souche-inc.com/typescript/download/typescript-3.7.2.tgz#27e489b95fa5909445e9fef5ee48d81697ad18fb"
    integrity sha1-J+SJuV+lkJRF6f717kjYFpetGPs=
  
  undefsafe@^2.0.2:
    version "2.0.2"
    resolved "http://registry.npm.souche-inc.com/undefsafe/download/undefsafe-2.0.2.tgz#225f6b9e0337663e0d8e7cfd686fc2836ccace76"
    integrity sha1-Il9rngM3Zj4Njnz9aG/Cg2zKznY=
    dependencies:
      debug "^2.2.0"
  
  unique-string@^1.0.0:
    version "1.0.0"
    resolved "http://registry.npm.souche-inc.com/unique-string/download/unique-string-1.0.0.tgz#9e1057cca851abb93398f8b33ae187b99caec11a"
    integrity sha1-nhBXzKhRq7kzmPizOuGHuZyuwRo=
    dependencies:
      crypto-random-string "^1.0.0"
  
  unzip-response@^2.0.1:
    version "2.0.1"
    resolved "http://registry.npm.souche-inc.com/unzip-response/download/unzip-response-2.0.1.tgz#d2f0f737d16b0615e72a6935ed04214572d56f97"
    integrity sha1-0vD3N9FrBhXnKmk17QQhRXLVb5c=
  
  update-notifier@^2.5.0:
    version "2.5.0"
    resolved "http://registry.npm.souche-inc.com/update-notifier/download/update-notifier-2.5.0.tgz#d0744593e13f161e406acb1d9408b72cad08aff6"
    integrity sha1-0HRFk+E/Fh5AassdlAi3LK0Ir/Y=
    dependencies:
      boxen "^1.2.1"
      chalk "^2.0.1"
      configstore "^3.0.0"
      import-lazy "^2.1.0"
      is-ci "^1.0.10"
      is-installed-globally "^0.1.0"
      is-npm "^1.0.0"
      latest-version "^3.0.0"
      semver-diff "^2.0.0"
      xdg-basedir "^3.0.0"
  
  url-parse-lax@^1.0.0:
    version "1.0.0"
    resolved "http://registry.npm.souche-inc.com/url-parse-lax/download/url-parse-lax-1.0.0.tgz#7af8f303645e9bd79a272e7a14ac68bc0609da73"
    integrity sha1-evjzA2Rem9eaJy56FKxovAYJ2nM=
    dependencies:
      prepend-http "^1.0.1"
  
  url-parse@~1.4.3:
    version "1.4.7"
    resolved "http://registry.npm.souche-inc.com/url-parse/download/url-parse-1.4.7.tgz#a8a83535e8c00a316e403a5db4ac1b9b853ae278"
    integrity sha1-qKg1NejACjFuQDpdtKwbm4U64ng=
    dependencies:
      querystringify "^2.1.1"
      requires-port "^1.0.0"
  
  which@^1.2.9:
    version "1.3.1"
    resolved "http://registry.npm.souche-inc.com/which/download/which-1.3.1.tgz#a45043d54f5805316da8d62f9f50918d3da70b0a"
    integrity sha1-pFBD1U9YBTFtqNYvn1CRjT2nCwo=
    dependencies:
      isexe "^2.0.0"
  
  widest-line@^2.0.0:
    version "2.0.1"
    resolved "http://registry.npm.souche-inc.com/widest-line/download/widest-line-2.0.1.tgz#7438764730ec7ef4381ce4df82fb98a53142a3fc"
    integrity sha1-dDh2RzDsfvQ4HOTfgvuYpTFCo/w=
    dependencies:
      string-width "^2.1.1"
  
  write-file-atomic@^2.0.0:
    version "2.4.3"
    resolved "http://registry.npm.souche-inc.com/write-file-atomic/download/write-file-atomic-2.4.3.tgz#1fd2e9ae1df3e75b8d8c367443c692d4ca81f481"
    integrity sha1-H9Lprh3z51uNjDZ0Q8aS1MqB9IE=
    dependencies:
      graceful-fs "^4.1.11"
      imurmurhash "^0.1.4"
      signal-exit "^3.0.2"
  
  xdg-basedir@^3.0.0:
    version "3.0.0"
    resolved "http://registry.npm.souche-inc.com/xdg-basedir/download/xdg-basedir-3.0.0.tgz#496b2cc109eca8dbacfe2dc72b603c17c5870ad4"
    integrity sha1-SWsswQnsqNus/i3HK2A8F8WHCtQ=
  
  yallist@^2.1.2:
    version "2.1.2"
    resolved "http://registry.npm.souche-inc.com/yallist/download/yallist-2.1.2.tgz#1c11f9218f076089a47dd512f93c6699a6a81d52"
    integrity sha1-HBH5IY8HYImkfdUS+TxmmaaoHVI=
  
  yn@^3.0.0:
    version "3.1.1"
    resolved "http://registry.npm.souche-inc.com/yn/download/yn-3.1.1.tgz#1e87401a09d767c1d5eab26a6e4c185182d2eb50"
    integrity sha1-HodAGgnXZ8HV6rJqbkwYUYLS61A=
